<?xml version="1.0" encoding="UTF-8"?>
<!-- Generated by org.testng.reporters.JUnitXMLReporter -->
<testsuite hostname="BYOD87QT5Z2" name="Test" tests="1" failures="0" timestamp="30 Dec 2021 15:08:26 GMT" time="0.089" errors="0">
  <testcase name="@BeforeMethod OpenBrowser" time="0.0" classname="com.Selenium.QuoraSearch.QuoraSearch">
    <failure type="org.testng.TestNGException" message="
Parameter &amp;apos;browser&amp;apos; is required by @Configuration on method OpenBrowser but has not been marked @Optional or defined
in C:\eclipse-workspace\QuoraSearch\testng.xml">
      <![CDATA[org.testng.TestNGException: 
Parameter 'browser' is required by @Configuration on method OpenBrowser but has not been marked @Optional or defined
in C:\eclipse-workspace\QuoraSearch\testng.xml
... Removed 24 stack frames]]>
    </failure>
  </testcase> <!-- @BeforeMethod OpenBrowser -->
  <testcase name="@AfterMethod quitBrowser" time="0.0" classname="com.Selenium.QuoraSearch.QuoraSearch">
    <skipped/>
  </testcase> <!-- @AfterMethod quitBrowser -->
  <testcase name="QuoraVerification" time="0.01" classname="com.Selenium.QuoraSearch.QuoraSearch">
    <skipped/>
  </testcase> <!-- QuoraVerification -->
</testsuite> <!-- Test -->
