<?xml version="1.0" encoding="UTF-8"?>
<!-- Generated by org.testng.reporters.JUnitXMLReporter -->
<testsuite hostname="BYOD87QT5Z2" name="QuoraSearch" tests="1" failures="0" timestamp="30 Dec 2021 15:22:35 GMT" time="0.207" errors="0">
  <testcase name="@BeforeMethod OpenBrowser" time="0.0" classname="com.Selenium.QuoraSearch.QuoraSearch">
    <failure type="java.lang.IllegalStateException" message="The driver executable does not exist: C:\Users\2078229\eclipse-workspace\QuoraSearch\Drivers\chromedriver.exe">
      <![CDATA[java.lang.IllegalStateException: The driver executable does not exist: C:\Users\2078229\eclipse-workspace\QuoraSearch\Drivers\chromedriver.exe
	at com.google.common.base.Preconditions.checkState(Preconditions.java:585)
	at org.openqa.selenium.remote.service.DriverService.checkExecutable(DriverService.java:146)
	at org.openqa.selenium.remote.service.DriverService.findExecutable(DriverService.java:141)
	at org.openqa.selenium.chrome.ChromeDriverService.access$000(ChromeDriverService.java:35)
	at org.openqa.selenium.chrome.ChromeDriverService$Builder.findDefaultExecutable(ChromeDriverService.java:159)
	at org.openqa.selenium.remote.service.DriverService$Builder.build(DriverService.java:355)
	at org.openqa.selenium.chrome.ChromeDriverService.createDefaultService(ChromeDriverService.java:94)
	at org.openqa.selenium.chrome.ChromeDriver.<init>(ChromeDriver.java:123)
	at com.Selenium.QuoraSearch.QuoraSearch.OpenBrowser(QuoraSearch.java:33)
... Removed 27 stack frames]]>
    </failure>
  </testcase> <!-- @BeforeMethod OpenBrowser -->
  <testcase name="@AfterMethod quitBrowser" time="0.0" classname="com.Selenium.QuoraSearch.QuoraSearch">
    <skipped/>
  </testcase> <!-- @AfterMethod quitBrowser -->
  <testcase name="QuoraVerification" time="0.033" classname="com.Selenium.QuoraSearch.QuoraSearch">
    <skipped/>
  </testcase> <!-- QuoraVerification -->
</testsuite> <!-- QuoraSearch -->
